<?xml version="1.0" encoding="UTF-8"?>
<testsuite xmlns:xsi="http://www.w3.org/2001/XMLSchema-instance" xsi:noNamespaceSchemaLocation="https://maven.apache.org/surefire/maven-surefire-plugin/xsd/surefire-test-report-3.0.xsd" version="3.0" name="TestSuite" time="173.898" tests="51" errors="0" skipped="0" failures="3">
  <properties>
    <property name="sun.desktop" value="windows"/>
    <property name="awt.toolkit" value="sun.awt.windows.WToolkit"/>
    <property name="file.encoding.pkg" value="sun.io"/>
    <property name="java.specification.version" value="1.8"/>
    <property name="sun.cpu.isalist" value="amd64"/>
    <property name="sun.jnu.encoding" value="Cp1252"/>
    <property name="java.class.path" value="C:\Users\KrishnaA\RestAssuredMaven\target\test-classes;C:\Users\KrishnaA\RestAssuredMaven\target\classes;C:\Users\KrishnaA\.m2\repository\org\apache\wicket\wicket\1.3.2\wicket-1.3.2.jar;C:\Users\KrishnaA\.m2\repository\org\slf4j\slf4j-api\1.4.2\slf4j-api-1.4.2.jar;C:\Users\KrishnaA\.m2\repository\org\slf4j\slf4j-log4j12\1.4.2\slf4j-log4j12-1.4.2.jar;C:\Users\KrishnaA\.m2\repository\log4j\log4j\1.2.17\log4j-1.2.17.jar;C:\Users\KrishnaA\.m2\repository\junit\junit\3.8.2\junit-3.8.2.jar;C:\Users\KrishnaA\.m2\repository\org\mortbay\jetty\jetty\6.1.4\jetty-6.1.4.jar;C:\Users\KrishnaA\.m2\repository\org\mortbay\jetty\servlet-api-2.5\6.1.4\servlet-api-2.5-6.1.4.jar;C:\Users\KrishnaA\.m2\repository\org\mortbay\jetty\jetty-util\6.1.4\jetty-util-6.1.4.jar;C:\Users\KrishnaA\.m2\repository\org\mortbay\jetty\jetty-management\6.1.4\jetty-management-6.1.4.jar;C:\Users\KrishnaA\.m2\repository\mx4j\mx4j\3.0.1\mx4j-3.0.1.jar;C:\Users\KrishnaA\.m2\repository\mx4j\mx4j-tools\3.0.1\mx4j-tools-3.0.1.jar;C:\Users\KrishnaA\.m2\repository\io\rest-assured\rest-assured\3.2.0\rest-assured-3.2.0.jar;C:\Users\KrishnaA\.m2\repository\org\codehaus\groovy\groovy\2.4.15\groovy-2.4.15.jar;C:\Users\KrishnaA\.m2\repository\org\codehaus\groovy\groovy-xml\2.4.15\groovy-xml-2.4.15.jar;C:\Users\KrishnaA\.m2\repository\org\apache\httpcomponents\httpclient\4.5.3\httpclient-4.5.3.jar;C:\Users\KrishnaA\.m2\repository\org\apache\httpcomponents\httpmime\4.5.1\httpmime-4.5.1.jar;C:\Users\KrishnaA\.m2\repository\org\hamcrest\hamcrest-core\1.3\hamcrest-core-1.3.jar;C:\Users\KrishnaA\.m2\repository\org\hamcrest\hamcrest-library\1.3\hamcrest-library-1.3.jar;C:\Users\KrishnaA\.m2\repository\org\ccil\cowan\tagsoup\tagsoup\1.2.1\tagsoup-1.2.1.jar;C:\Users\KrishnaA\.m2\repository\io\rest-assured\json-path\3.2.0\json-path-3.2.0.jar;C:\Users\KrishnaA\.m2\repository\org\codehaus\groovy\groovy-json\2.4.15\groovy-json-2.4.15.jar;C:\Users\KrishnaA\.m2\repository\io\rest-assured\rest-assured-common\3.2.0\rest-assured-common-3.2.0.jar;C:\Users\KrishnaA\.m2\repository\io\rest-assured\xml-path\3.2.0\xml-path-3.2.0.jar;C:\Users\KrishnaA\.m2\repository\org\apache\commons\commons-lang3\3.4\commons-lang3-3.4.jar;C:\Users\KrishnaA\.m2\repository\javax\xml\bind\jaxb-api\2.2.12\jaxb-api-2.2.12.jar;C:\Users\KrishnaA\.m2\repository\com\sun\xml\bind\jaxb-osgi\2.2.10\jaxb-osgi-2.2.10.jar;C:\Users\KrishnaA\.m2\repository\org\apache\sling\org.apache.sling.javax.activation\0.1.0\org.apache.sling.javax.activation-0.1.0.jar;C:\Users\KrishnaA\.m2\repository\javax\activation\activation\1.1.1\activation-1.1.1.jar;C:\Users\KrishnaA\.m2\repository\org\apache\poi\poi-ooxml\4.1.0\poi-ooxml-4.1.0.jar;C:\Users\KrishnaA\.m2\repository\org\apache\poi\poi-ooxml-schemas\4.1.0\poi-ooxml-schemas-4.1.0.jar;C:\Users\KrishnaA\.m2\repository\org\apache\xmlbeans\xmlbeans\3.1.0\xmlbeans-3.1.0.jar;C:\Users\KrishnaA\.m2\repository\org\apache\commons\commons-compress\1.18\commons-compress-1.18.jar;C:\Users\KrishnaA\.m2\repository\com\github\virtuald\curvesapi\1.06\curvesapi-1.06.jar;C:\Users\KrishnaA\.m2\repository\org\apache\poi\poi\4.1.0\poi-4.1.0.jar;C:\Users\KrishnaA\.m2\repository\commons-codec\commons-codec\1.12\commons-codec-1.12.jar;C:\Users\KrishnaA\.m2\repository\org\apache\commons\commons-collections4\4.3\commons-collections4-4.3.jar;C:\Users\KrishnaA\.m2\repository\org\apache\commons\commons-math3\3.6.1\commons-math3-3.6.1.jar;C:\Users\KrishnaA\.m2\repository\org\testng\testng\6.14.2\testng-6.14.2.jar;C:\Users\KrishnaA\.m2\repository\com\beust\jcommander\1.72\jcommander-1.72.jar;C:\Users\KrishnaA\.m2\repository\org\apache-extras\beanshell\bsh\2.0b6\bsh-2.0b6.jar;C:\Users\KrishnaA\.m2\repository\org\seleniumhq\selenium\selenium-java\3.14.0\selenium-java-3.14.0.jar;C:\Users\KrishnaA\.m2\repository\org\seleniumhq\selenium\selenium-api\3.14.0\selenium-api-3.14.0.jar;C:\Users\KrishnaA\.m2\repository\org\seleniumhq\selenium\selenium-chrome-driver\3.14.0\selenium-chrome-driver-3.14.0.jar;C:\Users\KrishnaA\.m2\repository\org\seleniumhq\selenium\selenium-edge-driver\3.14.0\selenium-edge-driver-3.14.0.jar;C:\Users\KrishnaA\.m2\repository\org\seleniumhq\selenium\selenium-firefox-driver\3.14.0\selenium-firefox-driver-3.14.0.jar;C:\Users\KrishnaA\.m2\repository\org\seleniumhq\selenium\selenium-ie-driver\3.14.0\selenium-ie-driver-3.14.0.jar;C:\Users\KrishnaA\.m2\repository\org\seleniumhq\selenium\selenium-opera-driver\3.14.0\selenium-opera-driver-3.14.0.jar;C:\Users\KrishnaA\.m2\repository\org\seleniumhq\selenium\selenium-remote-driver\3.14.0\selenium-remote-driver-3.14.0.jar;C:\Users\KrishnaA\.m2\repository\org\seleniumhq\selenium\selenium-safari-driver\3.14.0\selenium-safari-driver-3.14.0.jar;C:\Users\KrishnaA\.m2\repository\org\seleniumhq\selenium\selenium-support\3.14.0\selenium-support-3.14.0.jar;C:\Users\KrishnaA\.m2\repository\net\bytebuddy\byte-buddy\1.8.15\byte-buddy-1.8.15.jar;C:\Users\KrishnaA\.m2\repository\org\apache\commons\commons-exec\1.3\commons-exec-1.3.jar;C:\Users\KrishnaA\.m2\repository\commons-logging\commons-logging\1.2\commons-logging-1.2.jar;C:\Users\KrishnaA\.m2\repository\com\google\guava\guava\25.0-jre\guava-25.0-jre.jar;C:\Users\KrishnaA\.m2\repository\com\google\code\findbugs\jsr305\1.3.9\jsr305-1.3.9.jar;C:\Users\KrishnaA\.m2\repository\org\checkerframework\checker-compat-qual\2.0.0\checker-compat-qual-2.0.0.jar;C:\Users\KrishnaA\.m2\repository\com\google\errorprone\error_prone_annotations\2.1.3\error_prone_annotations-2.1.3.jar;C:\Users\KrishnaA\.m2\repository\com\google\j2objc\j2objc-annotations\1.1\j2objc-annotations-1.1.jar;C:\Users\KrishnaA\.m2\repository\org\codehaus\mojo\animal-sniffer-annotations\1.14\animal-sniffer-annotations-1.14.jar;C:\Users\KrishnaA\.m2\repository\org\apache\httpcomponents\httpcore\4.4.9\httpcore-4.4.9.jar;C:\Users\KrishnaA\.m2\repository\com\squareup\okhttp3\okhttp\3.10.0\okhttp-3.10.0.jar;C:\Users\KrishnaA\.m2\repository\com\squareup\okio\okio\1.14.1\okio-1.14.1.jar;C:\Users\KrishnaA\.m2\repository\org\json\json\20160810\json-20160810.jar;C:\Users\KrishnaA\.m2\repository\org\hamcrest\hamcrest-all\1.3\hamcrest-all-1.3.jar;C:\Users\KrishnaA\.m2\repository\com\aventstack\extentreports\3.1.5\extentreports-3.1.5.jar;C:\Users\KrishnaA\.m2\repository\org\freemarker\freemarker\2.3.23\freemarker-2.3.23.jar;C:\Users\KrishnaA\.m2\repository\org\mongodb\mongodb-driver\3.3.0\mongodb-driver-3.3.0.jar;C:\Users\KrishnaA\.m2\repository\org\mongodb\bson\3.3.0\bson-3.3.0.jar;C:\Users\KrishnaA\.m2\repository\org\mongodb\mongodb-driver-core\3.3.0\mongodb-driver-core-3.3.0.jar;C:\Users\KrishnaA\.m2\repository\org\jsoup\jsoup\1.9.2\jsoup-1.9.2.jar;C:\Users\KrishnaA\.m2\repository\com\google\code\gson\gson\2.8.0\gson-2.8.0.jar;C:\Users\KrishnaA\.m2\repository\com\relevantcodes\extentreports\2.41.2\extentreports-2.41.2.jar;C:\Users\KrishnaA\.m2\repository\org\xerial\sqlite-jdbc\3.8.11.1\sqlite-jdbc-3.8.11.1.jar;C:\Users\KrishnaA\.m2\repository\commons-io\commons-io\2.6\commons-io-2.6.jar;C:\Users\KrishnaA\.m2\repository\io\qameta\allure\allure-testng\2.0-BETA19\allure-testng-2.0-BETA19.jar;C:\Users\KrishnaA\.m2\repository\io\qameta\allure\allure-descriptions-javadoc\2.0-BETA19\allure-descriptions-javadoc-2.0-BETA19.jar;C:\Users\KrishnaA\.m2\repository\io\qameta\allure\allure-java-commons\2.0-BETA19\allure-java-commons-2.0-BETA19.jar;C:\Users\KrishnaA\.m2\repository\io\qameta\allure\allure2-model-api\1.0-BETA6\allure2-model-api-1.0-BETA6.jar;C:\Users\KrishnaA\.m2\repository\io\qameta\allure\allure2-model-pojo\1.0-BETA6\allure2-model-pojo-1.0-BETA6.jar;C:\Users\KrishnaA\.m2\repository\org\apache\tika\tika-core\1.14\tika-core-1.14.jar;C:\Users\KrishnaA\.m2\repository\io\qameta\allure\allure2-model-jackson\1.0-BETA6\allure2-model-jackson-1.0-BETA6.jar;C:\Users\KrishnaA\.m2\repository\com\fasterxml\jackson\core\jackson-databind\2.7.0\jackson-databind-2.7.0.jar;C:\Users\KrishnaA\.m2\repository\com\fasterxml\jackson\core\jackson-annotations\2.7.0\jackson-annotations-2.7.0.jar;C:\Users\KrishnaA\.m2\repository\com\fasterxml\jackson\core\jackson-core\2.7.0\jackson-core-2.7.0.jar;C:\Users\KrishnaA\.m2\repository\com\fasterxml\jackson\module\jackson-module-jaxb-annotations\2.7.0\jackson-module-jaxb-annotations-2.7.0.jar;C:\Users\KrishnaA\.m2\repository\org\aspectj\aspectjrt\1.8.10\aspectjrt-1.8.10.jar;C:\Users\KrishnaA\.m2\repository\org\jooq\joor\0.9.6\joor-0.9.6.jar;"/>
    <property name="java.vm.vendor" value="Oracle Corporation"/>
    <property name="sun.arch.data.model" value="64"/>
    <property name="user.variant" value=""/>
    <property name="java.vendor.url" value="http://java.oracle.com/"/>
    <property name="user.timezone" value="Asia/Calcutta"/>
    <property name="java.vm.specification.version" value="1.8"/>
    <property name="os.name" value="Windows 7"/>
    <property name="user.country" value="US"/>
    <property name="sun.java.launcher" value="SUN_STANDARD"/>
    <property name="sun.boot.library.path" value="C:\Program Files\Java\jdk1.8.0_201\jre\bin"/>
    <property name="sun.java.command" value="C:\Users\KrishnaA\AppData\Local\Temp\surefire6844002876097671183\surefirebooter1516027556146074741.jar C:\Users\KrishnaA\AppData\Local\Temp\surefire6844002876097671183 2019-06-12T15-22-23_938-jvmRun1 surefire4690927670954550400tmp surefire_07099382729780036957tmp"/>
    <property name="surefire.test.class.path" value="C:\Users\KrishnaA\RestAssuredMaven\target\test-classes;C:\Users\KrishnaA\RestAssuredMaven\target\classes;C:\Users\KrishnaA\.m2\repository\org\apache\wicket\wicket\1.3.2\wicket-1.3.2.jar;C:\Users\KrishnaA\.m2\repository\org\slf4j\slf4j-api\1.4.2\slf4j-api-1.4.2.jar;C:\Users\KrishnaA\.m2\repository\org\slf4j\slf4j-log4j12\1.4.2\slf4j-log4j12-1.4.2.jar;C:\Users\KrishnaA\.m2\repository\log4j\log4j\1.2.17\log4j-1.2.17.jar;C:\Users\KrishnaA\.m2\repository\junit\junit\3.8.2\junit-3.8.2.jar;C:\Users\KrishnaA\.m2\repository\org\mortbay\jetty\jetty\6.1.4\jetty-6.1.4.jar;C:\Users\KrishnaA\.m2\repository\org\mortbay\jetty\servlet-api-2.5\6.1.4\servlet-api-2.5-6.1.4.jar;C:\Users\KrishnaA\.m2\repository\org\mortbay\jetty\jetty-util\6.1.4\jetty-util-6.1.4.jar;C:\Users\KrishnaA\.m2\repository\org\mortbay\jetty\jetty-management\6.1.4\jetty-management-6.1.4.jar;C:\Users\KrishnaA\.m2\repository\mx4j\mx4j\3.0.1\mx4j-3.0.1.jar;C:\Users\KrishnaA\.m2\repository\mx4j\mx4j-tools\3.0.1\mx4j-tools-3.0.1.jar;C:\Users\KrishnaA\.m2\repository\io\rest-assured\rest-assured\3.2.0\rest-assured-3.2.0.jar;C:\Users\KrishnaA\.m2\repository\org\codehaus\groovy\groovy\2.4.15\groovy-2.4.15.jar;C:\Users\KrishnaA\.m2\repository\org\codehaus\groovy\groovy-xml\2.4.15\groovy-xml-2.4.15.jar;C:\Users\KrishnaA\.m2\repository\org\apache\httpcomponents\httpclient\4.5.3\httpclient-4.5.3.jar;C:\Users\KrishnaA\.m2\repository\org\apache\httpcomponents\httpmime\4.5.1\httpmime-4.5.1.jar;C:\Users\KrishnaA\.m2\repository\org\hamcrest\hamcrest-core\1.3\hamcrest-core-1.3.jar;C:\Users\KrishnaA\.m2\repository\org\hamcrest\hamcrest-library\1.3\hamcrest-library-1.3.jar;C:\Users\KrishnaA\.m2\repository\org\ccil\cowan\tagsoup\tagsoup\1.2.1\tagsoup-1.2.1.jar;C:\Users\KrishnaA\.m2\repository\io\rest-assured\json-path\3.2.0\json-path-3.2.0.jar;C:\Users\KrishnaA\.m2\repository\org\codehaus\groovy\groovy-json\2.4.15\groovy-json-2.4.15.jar;C:\Users\KrishnaA\.m2\repository\io\rest-assured\rest-assured-common\3.2.0\rest-assured-common-3.2.0.jar;C:\Users\KrishnaA\.m2\repository\io\rest-assured\xml-path\3.2.0\xml-path-3.2.0.jar;C:\Users\KrishnaA\.m2\repository\org\apache\commons\commons-lang3\3.4\commons-lang3-3.4.jar;C:\Users\KrishnaA\.m2\repository\javax\xml\bind\jaxb-api\2.2.12\jaxb-api-2.2.12.jar;C:\Users\KrishnaA\.m2\repository\com\sun\xml\bind\jaxb-osgi\2.2.10\jaxb-osgi-2.2.10.jar;C:\Users\KrishnaA\.m2\repository\org\apache\sling\org.apache.sling.javax.activation\0.1.0\org.apache.sling.javax.activation-0.1.0.jar;C:\Users\KrishnaA\.m2\repository\javax\activation\activation\1.1.1\activation-1.1.1.jar;C:\Users\KrishnaA\.m2\repository\org\apache\poi\poi-ooxml\4.1.0\poi-ooxml-4.1.0.jar;C:\Users\KrishnaA\.m2\repository\org\apache\poi\poi-ooxml-schemas\4.1.0\poi-ooxml-schemas-4.1.0.jar;C:\Users\KrishnaA\.m2\repository\org\apache\xmlbeans\xmlbeans\3.1.0\xmlbeans-3.1.0.jar;C:\Users\KrishnaA\.m2\repository\org\apache\commons\commons-compress\1.18\commons-compress-1.18.jar;C:\Users\KrishnaA\.m2\repository\com\github\virtuald\curvesapi\1.06\curvesapi-1.06.jar;C:\Users\KrishnaA\.m2\repository\org\apache\poi\poi\4.1.0\poi-4.1.0.jar;C:\Users\KrishnaA\.m2\repository\commons-codec\commons-codec\1.12\commons-codec-1.12.jar;C:\Users\KrishnaA\.m2\repository\org\apache\commons\commons-collections4\4.3\commons-collections4-4.3.jar;C:\Users\KrishnaA\.m2\repository\org\apache\commons\commons-math3\3.6.1\commons-math3-3.6.1.jar;C:\Users\KrishnaA\.m2\repository\org\testng\testng\6.14.2\testng-6.14.2.jar;C:\Users\KrishnaA\.m2\repository\com\beust\jcommander\1.72\jcommander-1.72.jar;C:\Users\KrishnaA\.m2\repository\org\apache-extras\beanshell\bsh\2.0b6\bsh-2.0b6.jar;C:\Users\KrishnaA\.m2\repository\org\seleniumhq\selenium\selenium-java\3.14.0\selenium-java-3.14.0.jar;C:\Users\KrishnaA\.m2\repository\org\seleniumhq\selenium\selenium-api\3.14.0\selenium-api-3.14.0.jar;C:\Users\KrishnaA\.m2\repository\org\seleniumhq\selenium\selenium-chrome-driver\3.14.0\selenium-chrome-driver-3.14.0.jar;C:\Users\KrishnaA\.m2\repository\org\seleniumhq\selenium\selenium-edge-driver\3.14.0\selenium-edge-driver-3.14.0.jar;C:\Users\KrishnaA\.m2\repository\org\seleniumhq\selenium\selenium-firefox-driver\3.14.0\selenium-firefox-driver-3.14.0.jar;C:\Users\KrishnaA\.m2\repository\org\seleniumhq\selenium\selenium-ie-driver\3.14.0\selenium-ie-driver-3.14.0.jar;C:\Users\KrishnaA\.m2\repository\org\seleniumhq\selenium\selenium-opera-driver\3.14.0\selenium-opera-driver-3.14.0.jar;C:\Users\KrishnaA\.m2\repository\org\seleniumhq\selenium\selenium-remote-driver\3.14.0\selenium-remote-driver-3.14.0.jar;C:\Users\KrishnaA\.m2\repository\org\seleniumhq\selenium\selenium-safari-driver\3.14.0\selenium-safari-driver-3.14.0.jar;C:\Users\KrishnaA\.m2\repository\org\seleniumhq\selenium\selenium-support\3.14.0\selenium-support-3.14.0.jar;C:\Users\KrishnaA\.m2\repository\net\bytebuddy\byte-buddy\1.8.15\byte-buddy-1.8.15.jar;C:\Users\KrishnaA\.m2\repository\org\apache\commons\commons-exec\1.3\commons-exec-1.3.jar;C:\Users\KrishnaA\.m2\repository\commons-logging\commons-logging\1.2\commons-logging-1.2.jar;C:\Users\KrishnaA\.m2\repository\com\google\guava\guava\25.0-jre\guava-25.0-jre.jar;C:\Users\KrishnaA\.m2\repository\com\google\code\findbugs\jsr305\1.3.9\jsr305-1.3.9.jar;C:\Users\KrishnaA\.m2\repository\org\checkerframework\checker-compat-qual\2.0.0\checker-compat-qual-2.0.0.jar;C:\Users\KrishnaA\.m2\repository\com\google\errorprone\error_prone_annotations\2.1.3\error_prone_annotations-2.1.3.jar;C:\Users\KrishnaA\.m2\repository\com\google\j2objc\j2objc-annotations\1.1\j2objc-annotations-1.1.jar;C:\Users\KrishnaA\.m2\repository\org\codehaus\mojo\animal-sniffer-annotations\1.14\animal-sniffer-annotations-1.14.jar;C:\Users\KrishnaA\.m2\repository\org\apache\httpcomponents\httpcore\4.4.9\httpcore-4.4.9.jar;C:\Users\KrishnaA\.m2\repository\com\squareup\okhttp3\okhttp\3.10.0\okhttp-3.10.0.jar;C:\Users\KrishnaA\.m2\repository\com\squareup\okio\okio\1.14.1\okio-1.14.1.jar;C:\Users\KrishnaA\.m2\repository\org\json\json\20160810\json-20160810.jar;C:\Users\KrishnaA\.m2\repository\org\hamcrest\hamcrest-all\1.3\hamcrest-all-1.3.jar;C:\Users\KrishnaA\.m2\repository\com\aventstack\extentreports\3.1.5\extentreports-3.1.5.jar;C:\Users\KrishnaA\.m2\repository\org\freemarker\freemarker\2.3.23\freemarker-2.3.23.jar;C:\Users\KrishnaA\.m2\repository\org\mongodb\mongodb-driver\3.3.0\mongodb-driver-3.3.0.jar;C:\Users\KrishnaA\.m2\repository\org\mongodb\bson\3.3.0\bson-3.3.0.jar;C:\Users\KrishnaA\.m2\repository\org\mongodb\mongodb-driver-core\3.3.0\mongodb-driver-core-3.3.0.jar;C:\Users\KrishnaA\.m2\repository\org\jsoup\jsoup\1.9.2\jsoup-1.9.2.jar;C:\Users\KrishnaA\.m2\repository\com\google\code\gson\gson\2.8.0\gson-2.8.0.jar;C:\Users\KrishnaA\.m2\repository\com\relevantcodes\extentreports\2.41.2\extentreports-2.41.2.jar;C:\Users\KrishnaA\.m2\repository\org\xerial\sqlite-jdbc\3.8.11.1\sqlite-jdbc-3.8.11.1.jar;C:\Users\KrishnaA\.m2\repository\commons-io\commons-io\2.6\commons-io-2.6.jar;C:\Users\KrishnaA\.m2\repository\io\qameta\allure\allure-testng\2.0-BETA19\allure-testng-2.0-BETA19.jar;C:\Users\KrishnaA\.m2\repository\io\qameta\allure\allure-descriptions-javadoc\2.0-BETA19\allure-descriptions-javadoc-2.0-BETA19.jar;C:\Users\KrishnaA\.m2\repository\io\qameta\allure\allure-java-commons\2.0-BETA19\allure-java-commons-2.0-BETA19.jar;C:\Users\KrishnaA\.m2\repository\io\qameta\allure\allure2-model-api\1.0-BETA6\allure2-model-api-1.0-BETA6.jar;C:\Users\KrishnaA\.m2\repository\io\qameta\allure\allure2-model-pojo\1.0-BETA6\allure2-model-pojo-1.0-BETA6.jar;C:\Users\KrishnaA\.m2\repository\org\apache\tika\tika-core\1.14\tika-core-1.14.jar;C:\Users\KrishnaA\.m2\repository\io\qameta\allure\allure2-model-jackson\1.0-BETA6\allure2-model-jackson-1.0-BETA6.jar;C:\Users\KrishnaA\.m2\repository\com\fasterxml\jackson\core\jackson-databind\2.7.0\jackson-databind-2.7.0.jar;C:\Users\KrishnaA\.m2\repository\com\fasterxml\jackson\core\jackson-annotations\2.7.0\jackson-annotations-2.7.0.jar;C:\Users\KrishnaA\.m2\repository\com\fasterxml\jackson\core\jackson-core\2.7.0\jackson-core-2.7.0.jar;C:\Users\KrishnaA\.m2\repository\com\fasterxml\jackson\module\jackson-module-jaxb-annotations\2.7.0\jackson-module-jaxb-annotations-2.7.0.jar;C:\Users\KrishnaA\.m2\repository\org\aspectj\aspectjrt\1.8.10\aspectjrt-1.8.10.jar;C:\Users\KrishnaA\.m2\repository\org\jooq\joor\0.9.6\joor-0.9.6.jar;"/>
    <property name="sun.cpu.endian" value="little"/>
    <property name="user.home" value="C:\Users\KrishnaA"/>
    <property name="user.language" value="en"/>
    <property name="java.specification.vendor" value="Oracle Corporation"/>
    <property name="java.home" value="C:\Program Files\Java\jdk1.8.0_201\jre"/>
    <property name="basedir" value="C:\Users\KrishnaA\RestAssuredMaven"/>
    <property name="file.separator" value="\"/>
    <property name="line.separator" value="&#10;"/>
    <property name="java.vm.specification.vendor" value="Oracle Corporation"/>
    <property name="java.specification.name" value="Java Platform API Specification"/>
    <property name="java.awt.graphicsenv" value="sun.awt.Win32GraphicsEnvironment"/>
    <property name="surefire.real.class.path" value="C:\Users\KrishnaA\AppData\Local\Temp\surefire6844002876097671183\surefirebooter1516027556146074741.jar"/>
    <property name="sun.boot.class.path" value="C:\Program Files\Java\jdk1.8.0_201\jre\lib\resources.jar;C:\Program Files\Java\jdk1.8.0_201\jre\lib\rt.jar;C:\Program Files\Java\jdk1.8.0_201\jre\lib\sunrsasign.jar;C:\Program Files\Java\jdk1.8.0_201\jre\lib\jsse.jar;C:\Program Files\Java\jdk1.8.0_201\jre\lib\jce.jar;C:\Program Files\Java\jdk1.8.0_201\jre\lib\charsets.jar;C:\Program Files\Java\jdk1.8.0_201\jre\lib\jfr.jar;C:\Program Files\Java\jdk1.8.0_201\jre\classes"/>
    <property name="user.script" value=""/>
    <property name="sun.management.compiler" value="HotSpot 64-Bit Tiered Compilers"/>
    <property name="java.runtime.version" value="1.8.0_201-b09"/>
    <property name="user.name" value="KrishnaA"/>
    <property name="path.separator" value=";"/>
    <property name="os.version" value="6.1"/>
    <property name="java.endorsed.dirs" value="C:\Program Files\Java\jdk1.8.0_201\jre\lib\endorsed"/>
    <property name="java.runtime.name" value="Java(TM) SE Runtime Environment"/>
    <property name="file.encoding" value="Cp1252"/>
    <property name="java.vm.name" value="Java HotSpot(TM) 64-Bit Server VM"/>
    <property name="localRepository" value="C:\Users\KrishnaA\.m2\repository"/>
    <property name="java.vendor.url.bug" value="http://bugreport.sun.com/bugreport/"/>
    <property name="java.io.tmpdir" value="C:\Users\KrishnaA\AppData\Local\Temp\"/>
    <property name="java.version" value="1.8.0_201"/>
    <property name="user.dir" value="C:\Users\KrishnaA\RestAssuredMaven"/>
    <property name="os.arch" value="amd64"/>
    <property name="java.vm.specification.name" value="Java Virtual Machine Specification"/>
    <property name="java.awt.printerjob" value="sun.awt.windows.WPrinterJob"/>
    <property name="sun.os.patch.level" value="Service Pack 1"/>
    <property name="java.library.path" value="C:\Program Files\Java\jdk1.8.0_201\jre\bin;C:\Windows\Sun\Java\bin;C:\Windows\system32;C:\Windows;C:\Program Files (x86)\Common Files\Oracle\Java\javapath;C:\ProgramData\Oracle\Java\javapath;C:\Windows\system32;C:\Windows;C:\Windows\System32\Wbem;C:\Windows\System32\WindowsPowerShell\v1.0\;D:\Maven\apache-maven-3.6.0-bin\apache-maven-3.6.0\bin;C:\Users\KrishnaA\Downloads\allure-commandline-2.10.0\allure-2.10.0\bin;C:\Windows\System32\WindowsPowerShell\v1.0\;C:\Program Files\Git\cmd;C:\Windows\System32\WindowsPowerShell\v1.0\;C:\Users\KrishnaA\scoop\shims;C:\Users\KrishnaA\AppData\Local\GitHubDesktop\bin;."/>
    <property name="java.vm.info" value="mixed mode"/>
    <property name="java.vendor" value="Oracle Corporation"/>
    <property name="java.vm.version" value="25.201-b09"/>
    <property name="java.ext.dirs" value="C:\Program Files\Java\jdk1.8.0_201\jre\lib\ext;C:\Windows\Sun\Java\lib\ext"/>
    <property name="sun.io.unicode.encoding" value="UnicodeLittle"/>
    <property name="java.class.version" value="52.0"/>
  </properties>
  <testcase name="accCheck_Valild_AccountChek_Flow_with_all_parameters" classname="accCheck.AccountCheckTests" time="26.134">
    <failure message="no such element: Unable to locate element: {&quot;method&quot;:&quot;xpath&quot;,&quot;selector&quot;:&quot;//*[@id=&apos;LOGIN&apos;]&quot;}&#10;  (Session info: chrome=74.0.3729.169)&#10;  (Driver info: chromedriver=2.46.628402 (536cd7adbad73a3783fdc2cab92ab2ba7ec361e1),platform=Windows NT 6.1.7601 SP1 x86_64) (WARNING: The server did not provide any stacktrace information)&#10;Command duration or timeout: 0 milliseconds&#10;For documentation on this error, please visit: http://seleniumhq.org/exceptions/no_such_element.html&#10;Build info: version: &apos;3.14.0&apos;, revision: &apos;aacccce0&apos;, time: &apos;2018-08-02T20:19:58.91Z&apos;&#10;System info: host: &apos;KRISHNAA-DESK&apos;, ip: &apos;172.19.19.46&apos;, os.name: &apos;Windows 7&apos;, os.arch: &apos;amd64&apos;, os.version: &apos;6.1&apos;, java.version: &apos;1.8.0_201&apos;&#10;Driver info: org.openqa.selenium.chrome.ChromeDriver&#10;Capabilities {acceptInsecureCerts: false, acceptSslCerts: false, applicationCacheEnabled: false, browserConnectionEnabled: false, browserName: chrome, chrome: {chromedriverVersion: 2.46.628402 (536cd7adbad73a..., userDataDir: C:\Users\KrishnaA\AppData\L...}, cssSelectorsEnabled: true, databaseEnabled: false, goog:chromeOptions: {debuggerAddress: localhost:58528}, handlesAlerts: true, hasTouchScreen: false, javascriptEnabled: true, locationContextEnabled: true, mobileEmulationEnabled: false, nativeEvents: true, networkConnectionEnabled: false, pageLoadStrategy: normal, platform: XP, platformName: XP, proxy: Proxy(), rotatable: false, setWindowRect: true, strictFileInteractability: false, takesHeapSnapshot: true, takesScreenshot: true, timeouts: {implicit: 0, pageLoad: 300000, script: 30000}, unexpectedAlertBehaviour: ignore, unhandledPromptBehavior: ignore, version: 74.0.3729.169, webStorageEnabled: true}&#10;Session ID: 90e59fcc4df8ea467235c18ef3c04c68&#10;*** Element info: {Using=xpath, value=//*[@id=&apos;LOGIN&apos;]}" type="org.openqa.selenium.NoSuchElementException">org.openqa.selenium.NoSuchElementException: 
no such element: Unable to locate element: {"method":"xpath","selector":"//*[@id='LOGIN']"}
  (Session info: chrome=74.0.3729.169)
  (Driver info: chromedriver=2.46.628402 (536cd7adbad73a3783fdc2cab92ab2ba7ec361e1),platform=Windows NT 6.1.7601 SP1 x86_64) (WARNING: The server did not provide any stacktrace information)
Command duration or timeout: 0 milliseconds
For documentation on this error, please visit: http://seleniumhq.org/exceptions/no_such_element.html
Build info: version: '3.14.0', revision: 'aacccce0', time: '2018-08-02T20:19:58.91Z'
System info: host: 'KRISHNAA-DESK', ip: '172.19.19.46', os.name: 'Windows 7', os.arch: 'amd64', os.version: '6.1', java.version: '1.8.0_201'
Driver info: org.openqa.selenium.chrome.ChromeDriver
Capabilities {acceptInsecureCerts: false, acceptSslCerts: false, applicationCacheEnabled: false, browserConnectionEnabled: false, browserName: chrome, chrome: {chromedriverVersion: 2.46.628402 (536cd7adbad73a..., userDataDir: C:\Users\KrishnaA\AppData\L...}, cssSelectorsEnabled: true, databaseEnabled: false, goog:chromeOptions: {debuggerAddress: localhost:58528}, handlesAlerts: true, hasTouchScreen: false, javascriptEnabled: true, locationContextEnabled: true, mobileEmulationEnabled: false, nativeEvents: true, networkConnectionEnabled: false, pageLoadStrategy: normal, platform: XP, platformName: XP, proxy: Proxy(), rotatable: false, setWindowRect: true, strictFileInteractability: false, takesHeapSnapshot: true, takesScreenshot: true, timeouts: {implicit: 0, pageLoad: 300000, script: 30000}, unexpectedAlertBehaviour: ignore, unhandledPromptBehavior: ignore, version: 74.0.3729.169, webStorageEnabled: true}
Session ID: 90e59fcc4df8ea467235c18ef3c04c68
*** Element info: {Using=xpath, value=//*[@id='LOGIN']}
	at accCheck.AccountCheckTests.accCheck_Valild_AccountChek_Flow_with_all_parameters(AccountCheckTests.java:76)
</failure>
    <system-out><![CDATA[*** Test Suite Test started ***
*** Test Suite Test started ***
*** Running test method accCheck_Valild_AccountChek_Flow_with_all_parameters...
Directory already exists: C:\Users\KrishnaA\RestAssuredMaven\TestReport
*** Running test method accCheck_Valild_AccountChek_Flow_with_all_parameters...
{"id":"2050eb3a-6928-4dfa-b70b-5cf7721e1f9a","links":[{"resource_name":null,"resource_location":null,"resource_type":"WIDGET","resource_method":"GET","resource_data":"<script language=\"javascript\">\nif (window.addEventListener) {window.addEventListener('message', closeACFrame);} else if (window.attachEvent){window.attachEvent('message', closeACFrame);}\nfunction closeACFrame(){\nvar element = document.getElementById(\"AccountChekIFRAME\");element.parentNode.removeChild(element); \n if(typeof(AC_Complete)=='function'){AC_Complete();}}\n</script><div id=\"frameWrap\" style=\"position:relative; border:0; \"><img id=\"loader1\" style=\" position:absolute;    left:40%;    top:35%;   padding:25px; animation: spin .8s linear infinite;\" src=\"https://mobile2.accountchek.net/assets/newUI/img/widget-loader.gif\" width=\"32\" height=\"32\" alt=\"https://mobile2.accountchek.net/assets/newUI/img/widget-loader.gif\"/><iframe id=\"AccountChekIFRAME\" src=\"https://mobile2.accountchek.net/Account/Login?ssokey=1388d6fc-83ef-4d80-ac55-ac8a8d295e24&widget=1\" style=\" height: 100%;    width: 100%;    margin:0;    padding:0;    border:0;\" ></iframe></div><script language=\"javascript\">\ndocument.getElementById('AccountChekIFRAME').onload = function() { document.getElementById('loader1').style.visibility='hidden'; };\n</script>"},{"resource_name":null,"resource_location":"https://mobile2.accountchek.net/Account/Login?vodkey=026556cbf78ce911abc4000d3a12e3cb","resource_type":"URL","resource_method":"GET","resource_data":null}],"created_date":"2019-06-12T09:52:32.348Z","errors":null}
https://mobile2.accountchek.net/Account/Login?ssokey=1388d6fc-83ef-4d80-ac55-ac8a8d295e24&widget=1
*** Test execution accCheck_Valild_AccountChek_Flow_with_all_parameters failed...
]]></system-out>
    <system-err><![CDATA[Starting ChromeDriver 2.46.628402 (536cd7adbad73a3783fdc2cab92ab2ba7ec361e1) on port 1072
Only local connections are allowed.
Please protect ports used by ChromeDriver and related test frameworks to prevent access by malicious code.
Jun 12, 2019 3:22:32 PM org.openqa.selenium.remote.ProtocolHandshake createSession
INFO: Detected dialect: OSS
]]></system-err>
  </testcase>
  <testcase name="accCheck_Valild_AccountChek_Flow_with_only_mandatory_parameters" classname="accCheck.AccountCheckTests" time="20.664">
    <failure message="no such element: Unable to locate element: {&quot;method&quot;:&quot;xpath&quot;,&quot;selector&quot;:&quot;//*[@id=&apos;LOGIN&apos;]&quot;}&#10;  (Session info: chrome=74.0.3729.169)&#10;  (Driver info: chromedriver=2.46.628402 (536cd7adbad73a3783fdc2cab92ab2ba7ec361e1),platform=Windows NT 6.1.7601 SP1 x86_64) (WARNING: The server did not provide any stacktrace information)&#10;Command duration or timeout: 0 milliseconds&#10;For documentation on this error, please visit: http://seleniumhq.org/exceptions/no_such_element.html&#10;Build info: version: &apos;3.14.0&apos;, revision: &apos;aacccce0&apos;, time: &apos;2018-08-02T20:19:58.91Z&apos;&#10;System info: host: &apos;KRISHNAA-DESK&apos;, ip: &apos;172.19.19.46&apos;, os.name: &apos;Windows 7&apos;, os.arch: &apos;amd64&apos;, os.version: &apos;6.1&apos;, java.version: &apos;1.8.0_201&apos;&#10;Driver info: org.openqa.selenium.chrome.ChromeDriver&#10;Capabilities {acceptInsecureCerts: false, acceptSslCerts: false, applicationCacheEnabled: false, browserConnectionEnabled: false, browserName: chrome, chrome: {chromedriverVersion: 2.46.628402 (536cd7adbad73a..., userDataDir: C:\Users\KrishnaA\AppData\L...}, cssSelectorsEnabled: true, databaseEnabled: false, goog:chromeOptions: {debuggerAddress: localhost:58593}, handlesAlerts: true, hasTouchScreen: false, javascriptEnabled: true, locationContextEnabled: true, mobileEmulationEnabled: false, nativeEvents: true, networkConnectionEnabled: false, pageLoadStrategy: normal, platform: XP, platformName: XP, proxy: Proxy(), rotatable: false, setWindowRect: true, strictFileInteractability: false, takesHeapSnapshot: true, takesScreenshot: true, timeouts: {implicit: 0, pageLoad: 300000, script: 30000}, unexpectedAlertBehaviour: ignore, unhandledPromptBehavior: ignore, version: 74.0.3729.169, webStorageEnabled: true}&#10;Session ID: ad939cd930c072181266ef190abb0b09&#10;*** Element info: {Using=xpath, value=//*[@id=&apos;LOGIN&apos;]}" type="org.openqa.selenium.NoSuchElementException">org.openqa.selenium.NoSuchElementException: 
no such element: Unable to locate element: {"method":"xpath","selector":"//*[@id='LOGIN']"}
  (Session info: chrome=74.0.3729.169)
  (Driver info: chromedriver=2.46.628402 (536cd7adbad73a3783fdc2cab92ab2ba7ec361e1),platform=Windows NT 6.1.7601 SP1 x86_64) (WARNING: The server did not provide any stacktrace information)
Command duration or timeout: 0 milliseconds
For documentation on this error, please visit: http://seleniumhq.org/exceptions/no_such_element.html
Build info: version: '3.14.0', revision: 'aacccce0', time: '2018-08-02T20:19:58.91Z'
System info: host: 'KRISHNAA-DESK', ip: '172.19.19.46', os.name: 'Windows 7', os.arch: 'amd64', os.version: '6.1', java.version: '1.8.0_201'
Driver info: org.openqa.selenium.chrome.ChromeDriver
Capabilities {acceptInsecureCerts: false, acceptSslCerts: false, applicationCacheEnabled: false, browserConnectionEnabled: false, browserName: chrome, chrome: {chromedriverVersion: 2.46.628402 (536cd7adbad73a..., userDataDir: C:\Users\KrishnaA\AppData\L...}, cssSelectorsEnabled: true, databaseEnabled: false, goog:chromeOptions: {debuggerAddress: localhost:58593}, handlesAlerts: true, hasTouchScreen: false, javascriptEnabled: true, locationContextEnabled: true, mobileEmulationEnabled: false, nativeEvents: true, networkConnectionEnabled: false, pageLoadStrategy: normal, platform: XP, platformName: XP, proxy: Proxy(), rotatable: false, setWindowRect: true, strictFileInteractability: false, takesHeapSnapshot: true, takesScreenshot: true, timeouts: {implicit: 0, pageLoad: 300000, script: 30000}, unexpectedAlertBehaviour: ignore, unhandledPromptBehavior: ignore, version: 74.0.3729.169, webStorageEnabled: true}
Session ID: ad939cd930c072181266ef190abb0b09
*** Element info: {Using=xpath, value=//*[@id='LOGIN']}
	at accCheck.AccountCheckTests.accCheck_Valild_AccountChek_Flow_with_only_mandatory_parameters(AccountCheckTests.java:104)
</failure>
    <system-out><![CDATA[*** Test execution accCheck_Valild_AccountChek_Flow_with_all_parameters failed...
*** Running test method accCheck_Valild_AccountChek_Flow_with_only_mandatory_parameters...
*** Running test method accCheck_Valild_AccountChek_Flow_with_only_mandatory_parameters...
{"id":"47cb5f0d-2295-4f13-a296-95fc1f90469c","links":[{"resource_name":null,"resource_location":null,"resource_type":"WIDGET","resource_method":"GET","resource_data":"<script language=\"javascript\">\nif (window.addEventListener) {window.addEventListener('message', closeACFrame);} else if (window.attachEvent){window.attachEvent('message', closeACFrame);}\nfunction closeACFrame(){\nvar element = document.getElementById(\"AccountChekIFRAME\");element.parentNode.removeChild(element); \n if(typeof(AC_Complete)=='function'){AC_Complete();}}\n</script><div id=\"frameWrap\" style=\"position:relative; border:0; \"><img id=\"loader1\" style=\" position:absolute;    left:40%;    top:35%;   padding:25px; animation: spin .8s linear infinite;\" src=\"https://mobile2.accountchek.net/assets/newUI/img/widget-loader.gif\" width=\"32\" height=\"32\" alt=\"https://mobile2.accountchek.net/assets/newUI/img/widget-loader.gif\"/><iframe id=\"AccountChekIFRAME\" src=\"https://mobile2.accountchek.net/Account/Login?ssokey=d368c3e3-0f0b-475f-8277-027ee1972256&widget=1\" style=\" height: 100%;    width: 100%;    margin:0;    padding:0;    border:0;\" ></iframe></div><script language=\"javascript\">\ndocument.getElementById('AccountChekIFRAME').onload = function() { document.getElementById('loader1').style.visibility='hidden'; };\n</script>"},{"resource_name":null,"resource_location":"https://mobile2.accountchek.net/Account/Login?vodkey=72f0d8d9f78ce911abc4000d3a12e3cb","resource_type":"URL","resource_method":"GET","resource_data":null}],"created_date":"2019-06-12T09:52:56.432Z","errors":null}
https://mobile2.accountchek.net/Account/Login?ssokey=d368c3e3-0f0b-475f-8277-027ee1972256&widget=1
*** Test execution accCheck_Valild_AccountChek_Flow_with_only_mandatory_parameters failed...
]]></system-out>
    <system-err><![CDATA[Starting ChromeDriver 2.46.628402 (536cd7adbad73a3783fdc2cab92ab2ba7ec361e1) on port 35746
Only local connections are allowed.
Please protect ports used by ChromeDriver and related test frameworks to prevent access by malicious code.
Jun 12, 2019 3:22:55 PM org.openqa.selenium.remote.ProtocolHandshake createSession
INFO: Detected dialect: OSS
]]></system-err>
  </testcase>
  <testcase name="accCheck_Null_Zip_Code" classname="accCheck.AccountCheckTests" time="15.722">
    <failure message="stale element reference: element is not attached to the page document&#10;  (Session info: chrome=74.0.3729.169)&#10;  (Driver info: chromedriver=2.46.628402 (536cd7adbad73a3783fdc2cab92ab2ba7ec361e1),platform=Windows NT 6.1.7601 SP1 x86_64) (WARNING: The server did not provide any stacktrace information)&#10;Command duration or timeout: 0 milliseconds&#10;For documentation on this error, please visit: http://seleniumhq.org/exceptions/stale_element_reference.html&#10;Build info: version: &apos;3.14.0&apos;, revision: &apos;aacccce0&apos;, time: &apos;2018-08-02T20:19:58.91Z&apos;&#10;System info: host: &apos;KRISHNAA-DESK&apos;, ip: &apos;172.19.19.46&apos;, os.name: &apos;Windows 7&apos;, os.arch: &apos;amd64&apos;, os.version: &apos;6.1&apos;, java.version: &apos;1.8.0_201&apos;&#10;Driver info: org.openqa.selenium.chrome.ChromeDriver&#10;Capabilities {acceptInsecureCerts: false, acceptSslCerts: false, applicationCacheEnabled: false, browserConnectionEnabled: false, browserName: chrome, chrome: {chromedriverVersion: 2.46.628402 (536cd7adbad73a..., userDataDir: C:\Users\KrishnaA\AppData\L...}, cssSelectorsEnabled: true, databaseEnabled: false, goog:chromeOptions: {debuggerAddress: localhost:58655}, handlesAlerts: true, hasTouchScreen: false, javascriptEnabled: true, locationContextEnabled: true, mobileEmulationEnabled: false, nativeEvents: true, networkConnectionEnabled: false, pageLoadStrategy: normal, platform: XP, platformName: XP, proxy: Proxy(), rotatable: false, setWindowRect: true, strictFileInteractability: false, takesHeapSnapshot: true, takesScreenshot: true, timeouts: {implicit: 0, pageLoad: 300000, script: 30000}, unexpectedAlertBehaviour: ignore, unhandledPromptBehavior: ignore, version: 74.0.3729.169, webStorageEnabled: true}&#10;Session ID: 421ef95778147661b598e04db2b7a178" type="org.openqa.selenium.StaleElementReferenceException">org.openqa.selenium.StaleElementReferenceException: 
stale element reference: element is not attached to the page document
  (Session info: chrome=74.0.3729.169)
  (Driver info: chromedriver=2.46.628402 (536cd7adbad73a3783fdc2cab92ab2ba7ec361e1),platform=Windows NT 6.1.7601 SP1 x86_64) (WARNING: The server did not provide any stacktrace information)
Command duration or timeout: 0 milliseconds
For documentation on this error, please visit: http://seleniumhq.org/exceptions/stale_element_reference.html
Build info: version: '3.14.0', revision: 'aacccce0', time: '2018-08-02T20:19:58.91Z'
System info: host: 'KRISHNAA-DESK', ip: '172.19.19.46', os.name: 'Windows 7', os.arch: 'amd64', os.version: '6.1', java.version: '1.8.0_201'
Driver info: org.openqa.selenium.chrome.ChromeDriver
Capabilities {acceptInsecureCerts: false, acceptSslCerts: false, applicationCacheEnabled: false, browserConnectionEnabled: false, browserName: chrome, chrome: {chromedriverVersion: 2.46.628402 (536cd7adbad73a..., userDataDir: C:\Users\KrishnaA\AppData\L...}, cssSelectorsEnabled: true, databaseEnabled: false, goog:chromeOptions: {debuggerAddress: localhost:58655}, handlesAlerts: true, hasTouchScreen: false, javascriptEnabled: true, locationContextEnabled: true, mobileEmulationEnabled: false, nativeEvents: true, networkConnectionEnabled: false, pageLoadStrategy: normal, platform: XP, platformName: XP, proxy: Proxy(), rotatable: false, setWindowRect: true, strictFileInteractability: false, takesHeapSnapshot: true, takesScreenshot: true, timeouts: {implicit: 0, pageLoad: 300000, script: 30000}, unexpectedAlertBehaviour: ignore, unhandledPromptBehavior: ignore, version: 74.0.3729.169, webStorageEnabled: true}
Session ID: 421ef95778147661b598e04db2b7a178
	at accCheck.AccountCheckTests.accCheck_Null_Zip_Code(AccountCheckTests.java:130)
</failure>
    <system-out><![CDATA[*** Test execution accCheck_Valild_AccountChek_Flow_with_only_mandatory_parameters failed...
*** Running test method accCheck_Null_Zip_Code...
*** Running test method accCheck_Null_Zip_Code...
{"id":"0d4059fc-3150-448d-9093-ac575d010130","links":[{"resource_name":null,"resource_location":null,"resource_type":"WIDGET","resource_method":"GET","resource_data":"<script language=\"javascript\">\nif (window.addEventListener) {window.addEventListener('message', closeACFrame);} else if (window.attachEvent){window.attachEvent('message', closeACFrame);}\nfunction closeACFrame(){\nvar element = document.getElementById(\"AccountChekIFRAME\");element.parentNode.removeChild(element); \n if(typeof(AC_Complete)=='function'){AC_Complete();}}\n</script><div id=\"frameWrap\" style=\"position:relative; border:0; \"><img id=\"loader1\" style=\" position:absolute;    left:40%;    top:35%;   padding:25px; animation: spin .8s linear infinite;\" src=\"https://mobile2.accountchek.net/assets/newUI/img/widget-loader.gif\" width=\"32\" height=\"32\" alt=\"https://mobile2.accountchek.net/assets/newUI/img/widget-loader.gif\"/><iframe id=\"AccountChekIFRAME\" src=\"https://mobile2.accountchek.net/Account/Login?ssokey=c5752b83-9bac-4de7-bf06-275d6cf292ae&widget=1\" style=\" height: 100%;    width: 100%;    margin:0;    padding:0;    border:0;\" ></iframe></div><script language=\"javascript\">\ndocument.getElementById('AccountChekIFRAME').onload = function() { document.getElementById('loader1').style.visibility='hidden'; };\n</script>"},{"resource_name":null,"resource_location":"https://mobile2.accountchek.net/Account/Login?vodkey=5ea043e0f78ce911abc4000d3a12e3cb","resource_type":"URL","resource_method":"GET","resource_data":null}],"created_date":"2019-06-12T09:53:17.090Z","errors":null}
https://mobile2.accountchek.net/Account/Login?ssokey=c5752b83-9bac-4de7-bf06-275d6cf292ae&widget=1
*** Test execution accCheck_Null_Zip_Code failed...
]]></system-out>
    <system-err><![CDATA[Starting ChromeDriver 2.46.628402 (536cd7adbad73a3783fdc2cab92ab2ba7ec361e1) on port 35370
Only local connections are allowed.
Please protect ports used by ChromeDriver and related test frameworks to prevent access by malicious code.
Jun 12, 2019 3:23:16 PM org.openqa.selenium.remote.ProtocolHandshake createSession
INFO: Detected dialect: OSS
]]></system-err>
  </testcase>
  <testcase name="accCheck_Null_Address_line_1" classname="accCheck.AccountCheckTests" time="1.844"/>
  <testcase name="accCheck_Null_Last_Name" classname="accCheck.AccountCheckTests" time="1.666"/>
  <testcase name="accCheck_Null_SSN" classname="accCheck.AccountCheckTests" time="1.253"/>
  <testcase name="accCheck_Null_email_address" classname="accCheck.AccountCheckTests" time="1.236"/>
  <testcase name="accCheck_Null_First_Name" classname="accCheck.AccountCheckTests" time="1.702"/>
  <testcase name="accCheck_SSN_less_than_9_digits" classname="accCheck.AccountCheckTests" time="1.263"/>
  <testcase name="accCheck_SSN_greater_than_9_digits" classname="accCheck.AccountCheckTests" time="1.151"/>
  <testcase name="accCheck_Invalid_email_address1" classname="accCheck.AccountCheckTests" time="1.192"/>
  <testcase name="accCheck_Invalid_email_address2" classname="accCheck.AccountCheckTests" time="1.204"/>
  <testcase name="accCheck_Invalid_email_address3" classname="accCheck.AccountCheckTests" time="1.216"/>
  <testcase name="accCheck_Invalid_email_address4" classname="accCheck.AccountCheckTests" time="1.295"/>
  <testcase name="accCheck_Invalid_email_address5" classname="accCheck.AccountCheckTests" time="1.231"/>
  <testcase name="accCheck_Invalid_Zip_Code" classname="accCheck.AccountCheckTests" time="1.201"/>
  <testcase name="accCheck_Invalid_customer_id" classname="accCheck.AccountCheckTests" time="1.314"/>
  <testcase name="accCheck_Invalid_account_id" classname="accCheck.AccountCheckTests" time="1.291"/>
  <testcase name="accCheck_Null_customer_id" classname="accCheck.AccountCheckTests" time="1.231"/>
  <testcase name="accCheck_Null_account_id" classname="accCheck.AccountCheckTests" time="1.233"/>
  <testcase name="accCheck_Invalid_verification_type" classname="accCheck.AccountCheckTests" time="1.293"/>
  <testcase name="accCheck_Null_verification_type" classname="accCheck.AccountCheckTests" time="1.218"/>
  <testcase name="accCheck_Null_first_name_last_name_ssn_email_verification_type" classname="accCheck.AccountCheckTests" time="1.205"/>
  <testcase name="accCheck_zip_code_less_than_5_digits_ssn_less_than_9_null_fist_and_last_name_invalid_email" classname="accCheck.AccountCheckTests" time="1.257"/>
  <testcase name="accCheck_Null_cust_id_and_ac_id" classname="accCheck.AccountCheckTests" time="1.221"/>
  <testcase name="Valild_Plaid_Flow_with_all_parameters" classname="plaid.PlaidTests" time="49.157"/>
  <testcase name="Valild_Plaid_Flow_with_only_mandatory_parameters" classname="plaid.PlaidTests" time="1.255"/>
  <testcase name="Null_Zip_Code" classname="plaid.PlaidTests" time="1.253"/>
  <testcase name="Null_Address_line_1" classname="plaid.PlaidTests" time="1.295"/>
  <testcase name="Null_Last_Name" classname="plaid.PlaidTests" time="1.184"/>
  <testcase name="Null_SSN" classname="plaid.PlaidTests" time="1.27"/>
  <testcase name="Null_email_address" classname="plaid.PlaidTests" time="1.308"/>
  <testcase name="Null_First_Name" classname="plaid.PlaidTests" time="1.259"/>
  <testcase name="Null_customer_id" classname="plaid.PlaidTests" time="1.204"/>
  <testcase name="Null_account_id" classname="plaid.PlaidTests" time="1.227"/>
  <testcase name="Invalid_verification_type" classname="plaid.PlaidTests" time="1.315"/>
  <testcase name="Null_verification_type" classname="plaid.PlaidTests" time="1.213"/>
  <testcase name="Null_first_name_last_name_ssn" classname="plaid.PlaidTests" time="1.255"/>
  <testcase name="Null_cust_id_and_ac_id" classname="plaid.PlaidTests" time="1.216"/>
  <testcase name="Invalid_cust_id_ac_id" classname="plaid.PlaidTests" time="1.276"/>
  <testcase name="SSN_less_than_9_digits" classname="plaid.PlaidTests" time="1.162"/>
  <testcase name="SSN_greater_than_9_digits" classname="plaid.PlaidTests" time="1.222"/>
  <testcase name="Invalid_email_address1" classname="plaid.PlaidTests" time="1.211"/>
  <testcase name="Invalid_email_address2" classname="plaid.PlaidTests" time="1.211"/>
  <testcase name="Invalid_email_address3" classname="plaid.PlaidTests" time="1.259"/>
  <testcase name="Invalid_email_address4" classname="plaid.PlaidTests" time="1.226"/>
  <testcase name="Invalid_email_address5" classname="plaid.PlaidTests" time="1.214"/>
  <testcase name="Invalid_Zip_Code" classname="plaid.PlaidTests" time="1.191"/>
  <testcase name="Invalid_customer_id" classname="plaid.PlaidTests" time="1.282"/>
  <testcase name="Invalid_account_id" classname="plaid.PlaidTests" time="1.312"/>
  <testcase name="zip_code_less_than_5_digits_ssn_less_than_9_null_first_and_last_name_invalid_email" classname="plaid.PlaidTests" time="1.225"/>
</testsuite>