<?xml version="1.0" encoding="UTF-8"?>
<!-- Generated by org.testng.reporters.JUnitReportReporter -->
<testsuite skipped="0" hostname="KrishnaA-Desk" name="zillow.ZillowTests" tests="31" failures="0" timestamp="01 Aug 2019 07:25:59 GMT" time="69.088" errors="0">
  <testcase name="Valild_Zillow_Flow_with_Zip" time="1.517" classname="zillow.ZillowTests"/>
  <testcase name="Valild_Zillow_Flow_with_City_State_Zip_Combination_Zip_code_starting_with_zero" time="1.567" classname="zillow.ZillowTests"/>
  <testcase name="Valid_Zillow_Flow_with_Address_Line_2_with_zip_null" time="1.484" classname="zillow.ZillowTests"/>
  <testcase name="Valild_Zillow_Flow_with_Zip_starting_with_zero" time="1.502" classname="zillow.ZillowTests"/>
  <testcase name="Valid_Zillow_Flow_with_City_State_Combination" time="1.514" classname="zillow.ZillowTests"/>
  <testcase name="Valid_Zillow_Flow_with_Address_Line_2_with_city_state_null" time="1.541" classname="zillow.ZillowTests"/>
  <testcase name="Valild_Zillow_Flow_with_City_State_Zip_Combination" time="27.835" classname="zillow.ZillowTests"/>
  <testcase name="Null_customer_id" time="1.176" classname="zillow.ZillowTests"/>
  <testcase name="Null_cust_id_ac_id" time="1.140" classname="zillow.ZillowTests"/>
  <testcase name="Address_line_1_with_state_null_city" time="1.246" classname="zillow.ZillowTests"/>
  <testcase name="With_only_address_line_1" time="1.250" classname="zillow.ZillowTests"/>
  <testcase name="Null_add_line_city_zip_code_state" time="1.254" classname="zillow.ZillowTests"/>
  <testcase name="Null_account_id" time="1.143" classname="zillow.ZillowTests"/>
  <testcase name="With_address_line_2_and_zip" time="1.248" classname="zillow.ZillowTests"/>
  <testcase name="Address_line_1_with_city_with_empty_state_and_null_zip" time="1.565" classname="zillow.ZillowTests"/>
  <testcase name="Null_Address_Line1" time="1.202" classname="zillow.ZillowTests"/>
  <testcase name="Address_line_1_with_null_zip" time="1.242" classname="zillow.ZillowTests"/>
  <testcase name="With_address_line_2_and_city_state" time="1.268" classname="zillow.ZillowTests"/>
  <testcase name="Null_verification_type" time="1.134" classname="zillow.ZillowTests"/>
  <testcase name="Address_line_1_with_state_with_empty_city_and_null_zip" time="1.517" classname="zillow.ZillowTests"/>
  <testcase name="Address_line_1_with_city_null_state" time="1.257" classname="zillow.ZillowTests"/>
  <testcase name="Invalid_State" time="1.436" classname="zillow.ZillowTests"/>
  <testcase name="Invalid_Address_Line1" time="1.600" classname="zillow.ZillowTests"/>
  <testcase name="Invalid_City" time="1.582" classname="zillow.ZillowTests"/>
  <testcase name="Invalid_Verification_Type" time="1.244" classname="zillow.ZillowTests"/>
  <testcase name="Invalid_Customer_ID" time="1.202" classname="zillow.ZillowTests"/>
  <testcase name="Invalid_Account_ID" time="1.265" classname="zillow.ZillowTests"/>
  <testcase name="Invalid_ac_id_cust_id" time="1.198" classname="zillow.ZillowTests"/>
  <testcase name="Invalid_Zip" time="1.720" classname="zillow.ZillowTests"/>
  <testcase name="Invalid_City_State_Zip_Combination" time="1.629" classname="zillow.ZillowTests"/>
  <testcase name="Invalid_City_State_Combination_without_zip" time="1.610" classname="zillow.ZillowTests"/>
</testsuite> <!-- zillow.ZillowTests -->
