<?xml version="1.0" encoding="UTF-8"?>
<!-- Generated by org.testng.reporters.JUnitReportReporter -->
<testsuite skipped="0" hostname="KrishnaA-Desk" name="accCheck.AccountCheckTests" tests="25" failures="0" timestamp="01 Aug 2019 07:25:59 GMT" time="44.420" errors="0">
  <testcase name="accCheck_Valild_AccountChek_Flow_with_only_mandatory_parameters" time="5.840" classname="accCheck.AccountCheckTests"/>
  <testcase name="accCheck_Valild_AccountChek_Flow_with_all_parameters" time="5.861" classname="accCheck.AccountCheckTests"/>
  <testcase name="accCheck_Null_Zip_Code" time="2.013" classname="accCheck.AccountCheckTests"/>
  <testcase name="accCheck_Null_first_name_last_name_ssn_email_verification_type" time="1.218" classname="accCheck.AccountCheckTests"/>
  <testcase name="accCheck_Null_email_address" time="1.201" classname="accCheck.AccountCheckTests"/>
  <testcase name="accCheck_Null_First_Name" time="1.937" classname="accCheck.AccountCheckTests"/>
  <testcase name="accCheck_Null_verification_type" time="1.204" classname="accCheck.AccountCheckTests"/>
  <testcase name="accCheck_Null_Last_Name" time="2.136" classname="accCheck.AccountCheckTests"/>
  <testcase name="accCheck_Null_Address_line_1" time="2.086" classname="accCheck.AccountCheckTests"/>
  <testcase name="accCheck_Null_SSN" time="1.626" classname="accCheck.AccountCheckTests"/>
  <testcase name="accCheck_Null_account_id" time="1.254" classname="accCheck.AccountCheckTests"/>
  <testcase name="accCheck_Null_customer_id" time="1.171" classname="accCheck.AccountCheckTests"/>
  <testcase name="accCheck_Null_cust_id_and_ac_id" time="1.167" classname="accCheck.AccountCheckTests"/>
  <testcase name="accCheck_Invalid_email_address3" time="1.425" classname="accCheck.AccountCheckTests"/>
  <testcase name="accCheck_Invalid_email_address5" time="1.381" classname="accCheck.AccountCheckTests"/>
  <testcase name="accCheck_Invalid_verification_type" time="1.341" classname="accCheck.AccountCheckTests"/>
  <testcase name="accCheck_Invalid_email_address4" time="1.402" classname="accCheck.AccountCheckTests"/>
  <testcase name="accCheck_SSN_less_than_9_digits" time="1.164" classname="accCheck.AccountCheckTests"/>
  <testcase name="accCheck_Invalid_account_id" time="1.384" classname="accCheck.AccountCheckTests"/>
  <testcase name="accCheck_SSN_greater_than_9_digits" time="1.286" classname="accCheck.AccountCheckTests"/>
  <testcase name="accCheck_zip_code_less_than_5_digits_ssn_less_than_9_null_fist_and_last_name_invalid_email" time="1.191" classname="accCheck.AccountCheckTests"/>
  <testcase name="accCheck_Invalid_Zip_Code" time="1.220" classname="accCheck.AccountCheckTests"/>
  <testcase name="accCheck_Invalid_email_address2" time="1.343" classname="accCheck.AccountCheckTests"/>
  <testcase name="accCheck_Invalid_customer_id" time="1.312" classname="accCheck.AccountCheckTests"/>
  <testcase name="accCheck_Invalid_email_address1" time="1.257" classname="accCheck.AccountCheckTests"/>
</testsuite> <!-- accCheck.AccountCheckTests -->
