<?xml version="1.0" encoding="UTF-8"?>
<!-- Generated by org.testng.reporters.JUnitReportReporter -->
<testsuite skipped="0" hostname="KrishnaA-Desk" name="plaid.PlaidTests" tests="26" failures="0" timestamp="12 Jun 2019 09:55:18 GMT" time="80.245" errors="0">
  <testcase name="Valild_Plaid_Flow_with_all_parameters" time="49.164" classname="plaid.PlaidTests"/>
  <testcase name="Valild_Plaid_Flow_with_only_mandatory_parameters" time="1.256" classname="plaid.PlaidTests"/>
  <testcase name="Null_Zip_Code" time="1.246" classname="plaid.PlaidTests"/>
  <testcase name="Null_Address_line_1" time="1.303" classname="plaid.PlaidTests"/>
  <testcase name="Null_Last_Name" time="1.191" classname="plaid.PlaidTests"/>
  <testcase name="Null_SSN" time="1.276" classname="plaid.PlaidTests"/>
  <testcase name="Null_email_address" time="1.304" classname="plaid.PlaidTests"/>
  <testcase name="Null_First_Name" time="1.259" classname="plaid.PlaidTests"/>
  <testcase name="Null_customer_id" time="1.207" classname="plaid.PlaidTests"/>
  <testcase name="Null_account_id" time="1.231" classname="plaid.PlaidTests"/>
  <testcase name="Invalid_verification_type" time="1.319" classname="plaid.PlaidTests"/>
  <testcase name="Null_verification_type" time="1.210" classname="plaid.PlaidTests"/>
  <testcase name="Null_first_name_last_name_ssn" time="1.250" classname="plaid.PlaidTests"/>
  <testcase name="Null_cust_id_and_ac_id" time="1.220" classname="plaid.PlaidTests"/>
  <testcase name="Invalid_cust_id_ac_id" time="1.285" classname="plaid.PlaidTests"/>
  <testcase name="SSN_less_than_9_digits" time="1.178" classname="plaid.PlaidTests"/>
  <testcase name="SSN_greater_than_9_digits" time="1.220" classname="plaid.PlaidTests"/>
  <testcase name="Invalid_email_address1" time="1.218" classname="plaid.PlaidTests"/>
  <testcase name="Invalid_email_address2" time="1.210" classname="plaid.PlaidTests"/>
  <testcase name="Invalid_email_address3" time="1.259" classname="plaid.PlaidTests"/>
  <testcase name="Invalid_email_address4" time="1.218" classname="plaid.PlaidTests"/>
  <testcase name="Invalid_email_address5" time="1.219" classname="plaid.PlaidTests"/>
  <testcase name="Invalid_Zip_Code" time="1.195" classname="plaid.PlaidTests"/>
  <testcase name="Invalid_customer_id" time="1.280" classname="plaid.PlaidTests"/>
  <testcase name="Invalid_account_id" time="1.314" classname="plaid.PlaidTests"/>
  <testcase name="zip_code_less_than_5_digits_ssn_less_than_9_null_first_and_last_name_invalid_email" time="1.213" classname="plaid.PlaidTests"/>
</testsuite> <!-- plaid.PlaidTests -->
